TN:
SF:src\application\usecases\create-challenge-submission.ts
FN:10,get
FN:19,run
FN:12,CreateChallengeSubmission
FNF:3
FNH:3
FNDA:1,get
FNDA:1,run
FNDA:1,CreateChallengeSubmission
DA:1,1
DA:2,1
DA:3,1
DA:4,1
DA:5,1
DA:6,1
DA:7,1
DA:8,1
DA:9,1
DA:10,1
DA:11,1
DA:12,1
DA:13,1
DA:14,1
DA:15,1
DA:16,1
DA:17,1
DA:18,1
DA:19,1
DA:20,1
DA:21,1
DA:22,1
DA:23,0
DA:24,1
DA:25,1
DA:26,1
DA:27,1
DA:28,0
DA:29,1
DA:30,1
DA:31,1
DA:32,1
DA:33,1
DA:34,1
DA:35,1
DA:36,1
DA:37,1
DA:38,1
LF:38
LH:36
BRDA:10,0,0,1
BRDA:19,1,0,1
BRDA:22,2,0,0
BRDA:27,3,0,0
BRDA:12,4,0,1
BRF:5
BRH:3
end_of_record
TN:
SF:src\core\domain\entity.ts
FN:4,get
FN:9,get id
FN:14,Entity
FNF:3
FNH:3
FNDA:3,get
FNDA:4,get id
FNDA:3,Entity
DA:1,1
DA:2,1
DA:3,1
DA:4,1
DA:5,1
DA:6,1
DA:7,1
DA:8,1
DA:9,1
DA:10,4
DA:11,4
DA:12,1
DA:13,1
DA:14,1
DA:15,3
DA:16,3
DA:17,3
DA:18,1
DA:19,1
LF:19
LH:19
BRDA:4,0,0,3
BRDA:9,1,0,4
BRDA:14,2,0,3
BRDA:15,3,0,0
BRF:4
BRH:3
end_of_record
TN:
SF:src\domain\entities\challenge.ts
FN:9,get
FN:16,create
FN:11,Challenge
FNF:3
FNH:3
FNDA:1,get
FNDA:1,create
FNDA:1,Challenge
DA:1,1
DA:2,1
DA:3,1
DA:4,1
DA:5,1
DA:6,1
DA:7,1
DA:8,1
DA:9,1
DA:10,1
DA:11,1
DA:12,1
DA:13,1
DA:14,1
DA:15,1
DA:16,1
DA:17,1
DA:18,1
DA:19,1
DA:20,1
DA:21,1
LF:21
LH:21
BRDA:9,0,0,1
BRDA:16,1,0,1
BRDA:11,2,0,1
BRF:3
BRH:3
end_of_record
TN:
SF:src\domain\entities\student.ts
FN:11,get
FN:18,create
FN:13,Student
FNF:3
FNH:3
FNDA:1,get
FNDA:1,create
FNDA:1,Student
DA:1,1
DA:2,1
DA:3,1
DA:4,1
DA:5,1
DA:6,1
DA:7,1
DA:8,1
DA:9,1
DA:10,1
DA:11,1
DA:12,1
DA:13,1
DA:14,1
DA:15,1
DA:16,1
DA:17,1
DA:18,1
DA:19,1
DA:20,1
DA:21,1
DA:22,1
DA:23,1
LF:23
LH:23
BRDA:11,0,0,1
BRDA:18,1,0,1
BRDA:13,2,0,1
BRF:3
BRH:3
end_of_record
TN:
SF:src\domain\entities\submission.ts
FN:11,get
FN:18,create
FN:13,Submission
FNF:3
FNH:3
FNDA:1,get
FNDA:1,create
FNDA:1,Submission
DA:1,1
DA:2,1
DA:3,1
DA:4,1
DA:5,1
DA:6,1
DA:7,1
DA:8,1
DA:9,1
DA:10,1
DA:11,1
DA:12,1
DA:13,1
DA:14,1
DA:15,1
DA:16,1
DA:17,1
DA:18,1
DA:19,1
DA:20,1
DA:21,1
DA:22,1
DA:23,1
DA:24,1
DA:25,1
DA:26,1
DA:27,1
LF:27
LH:27
BRDA:11,0,0,1
BRDA:18,1,0,1
BRDA:22,2,0,0
BRDA:13,3,0,1
BRF:4
BRH:3
end_of_record
TN:
SF:src\test\repository\in-memory-challenges-repository.ts
FN:6,get
FN:10,findById
FNF:2
FNH:2
FNDA:1,get
FNDA:1,findById
DA:1,1
DA:2,1
DA:3,1
DA:4,1
DA:5,1
DA:6,1
DA:7,1
DA:8,1
DA:9,1
DA:10,1
DA:11,1
DA:12,1
DA:13,1
DA:14,0
DA:15,1
DA:16,1
DA:17,1
DA:18,1
DA:19,1
DA:20,1
LF:20
LH:19
BRDA:6,0,0,1
BRDA:10,1,0,1
BRDA:13,2,0,0
BRDA:11,3,0,1
BRF:4
BRH:3
end_of_record
TN:
SF:src\test\repository\in-memory-studentes-repository.ts
FN:5,get
FN:9,findById
FNF:2
FNH:2
FNDA:1,get
FNDA:1,findById
DA:1,1
DA:2,1
DA:3,1
DA:4,1
DA:5,1
DA:6,1
DA:7,1
DA:8,1
DA:9,1
DA:10,1
DA:11,1
DA:12,1
DA:13,0
DA:14,1
DA:15,1
DA:16,1
DA:17,1
DA:18,1
DA:19,1
LF:19
LH:18
BRDA:5,0,0,1
BRDA:9,1,0,1
BRDA:12,2,0,0
BRDA:10,3,0,1
BRF:4
BRH:3
end_of_record
