TN:
SF:src\application\usecases\create-challenge-submission.ts
FN:8,get
FN:10,run
FNF:2
FNH:2
FNDA:1,get
FNDA:1,run
DA:1,1
DA:2,1
DA:3,1
DA:4,1
DA:5,1
DA:6,1
DA:7,1
DA:8,1
DA:9,1
DA:10,1
DA:11,1
DA:12,1
DA:13,1
DA:14,1
DA:15,1
DA:16,1
DA:17,1
DA:18,1
DA:19,1
DA:20,1
LF:20
LH:20
BRDA:8,0,0,1
BRDA:10,1,0,1
BRF:2
BRH:2
end_of_record
TN:
SF:src\core\domain\entity.ts
FN:4,get
FN:9,Entity
FNF:2
FNH:2
FNDA:1,get
FNDA:1,Entity
DA:1,1
DA:2,1
DA:3,1
DA:4,1
DA:5,1
DA:6,1
DA:7,1
DA:8,1
DA:9,1
DA:10,1
DA:11,1
DA:12,1
DA:13,1
DA:14,1
LF:14
LH:14
BRDA:4,0,0,1
BRDA:9,1,0,1
BRDA:10,2,0,0
BRF:3
BRH:2
end_of_record
TN:
SF:src\domain\entities\submission.ts
FN:11,get
FN:18,create
FN:13,Submission
FNF:3
FNH:3
FNDA:1,get
FNDA:1,create
FNDA:1,Submission
DA:1,1
DA:2,1
DA:3,1
DA:4,1
DA:5,1
DA:6,1
DA:7,1
DA:8,1
DA:9,1
DA:10,1
DA:11,1
DA:12,1
DA:13,1
DA:14,1
DA:15,1
DA:16,1
DA:17,1
DA:18,1
DA:19,1
DA:20,1
DA:21,1
DA:22,1
DA:23,1
DA:24,1
DA:25,1
DA:26,1
DA:27,1
LF:27
LH:27
BRDA:11,0,0,1
BRDA:18,1,0,1
BRDA:22,2,0,0
BRDA:13,3,0,1
BRF:4
BRH:3
end_of_record
